<?xml version="1.0" encoding="utf-8"?><testsuites name="pytest tests"><testsuite name="pytest" errors="0" failures="0" skipped="0" tests="11" time="20.447" timestamp="2026-08-18T22:57:58.554730+00:00" hostname="agent-env-e3b4faa0-752a-4822-b65b-e866d1d1b61e"><testcase classname="tests.test_diet.TestDietAuthGuards" name="test_get_requires_auth" time="0.287" /><testcase classname="tests.test_diet.TestDietAuthGuards" name="test_post_requires_auth" time="0.256" /><testcase classname="tests.test_diet.TestDietAuthGuards" name="test_delete_requires_auth" time="0.145" /><testcase classname="tests.test_diet.TestDietFlow" name="test_clear_plan_first" time="0.847" /><testcase classname="tests.test_diet.TestDietFlow" name="test_get_empty_after_delete" time="0.212" /><testcase classname="tests.test_diet.TestDietFlow" name="test_dashboard_falls_back_to_profile_targets" time="0.245" /><testcase classname="tests.test_diet.TestDietFlow" name="test_create_unsafe_plan" time="9.153" /><testcase classname="tests.test_diet.TestDietFlow" name="test_get_returns_saved_plan" time="0.154" /><testcase classname="tests.test_diet.TestDietFlow" name="test_dashboard_uses_plan_targets" time="0.127" /><testcase classname="tests.test_diet.TestDietFlow" name="test_create_safe_plan" time="8.907" /><testcase classname="tests.test_diet.TestDietFlow" name="test_delete_plan" time="0.280" /></testsuite></testsuites>