<?xml version="1.0" encoding="utf-8"?><testsuites name="pytest tests"><testsuite name="pytest" errors="2" failures="0" skipped="0" tests="31" time="31.909" timestamp="2026-08-19T08:44:28.554075+00:00" hostname="agent-env-e3b4faa0-752a-4822-b65b-e866d1d1b61e"><testcase classname="" name="tests.test_new_features" time="0.000"><error message="collection failure">backend/tests/test_new_features.py:8: in &lt;module&gt;
    assert BASE_URL, "REACT_APP_BACKEND_URL must be set"
E   AssertionError: REACT_APP_BACKEND_URL must be set
E   assert ''</error><error message="collection failure">backend/tests/test_new_features.py:8: in &lt;module&gt;
    assert BASE_URL, "REACT_APP_BACKEND_URL must be set"
E   AssertionError: REACT_APP_BACKEND_URL must be set
E   assert ''</error></testcase><testcase classname="tests.backend_test.TestAuth" name="test_login_demo" time="0.345" /><testcase classname="tests.backend_test.TestAuth" name="test_login_wrong_password" time="0.436" /><testcase classname="tests.test_diet.TestDietFlow" name="test_clear_plan_first" time="0.795" /><testcase classname="tests.backend_test.TestAuth" name="test_me_requires_auth" time="0.053" /><testcase classname="tests.test_diet.TestDietFlow" name="test_get_empty_after_delete" time="0.383" /><testcase classname="tests.backend_test.TestAuth" name="test_me_with_token" time="0.063" /><testcase classname="tests.backend_test.TestAuth" name="test_register_and_profile_flow" time="0.509" /><testcase classname="tests.test_diet.TestDietFlow" name="test_dashboard_falls_back_to_profile_targets" time="0.125" /><testcase classname="tests.test_diet.TestDietFlow" name="test_create_unsafe_plan" time="10.664" /><testcase classname="tests.test_mood.TestMoodRecommend" name="test_requires_auth" time="0.120" /><testcase classname="tests.test_mood.TestMoodRecommend" name="test_recommend_cravings[salty]" time="10.004" /><testcase classname="tests.test_mood.TestMoodRecommend" name="test_recommend_cravings[sweet]" time="5.732" /><testcase classname="tests.test_diet.TestDietFlow" name="test_get_returns_saved_plan" time="0.148" /><testcase classname="tests.test_diet.TestDietFlow" name="test_dashboard_uses_plan_targets" time="0.169" /><testcase classname="tests.test_diet.TestDietFlow" name="test_create_safe_plan" time="10.023" /><testcase classname="tests.test_mood.TestMoodRecommend" name="test_recommend_cravings[balanced]" time="6.867" /><testcase classname="tests.test_diet.TestDietFlow" name="test_delete_plan" time="0.255" /><testcase classname="tests.test_diet.TestDietAuthGuards" name="test_get_requires_auth" time="0.142" /><testcase classname="tests.test_diet.TestDietAuthGuards" name="test_post_requires_auth" time="0.110" /><testcase classname="tests.test_diet.TestDietAuthGuards" name="test_delete_requires_auth" time="0.136" /><testcase classname="tests.backend_test.TestScan" name="test_scan_requires_auth" time="0.106" /><testcase classname="tests.backend_test.TestScan" name="test_scan_food_endpoint" time="3.486" /><testcase classname="tests.test_mood.TestMoodRecommend" name="test_recommend_english" time="6.463" /><testcase classname="tests.test_mood.TestMoodDetect" name="test_requires_auth" time="0.240" /><testcase classname="tests.test_mood.TestMoodDetect" name="test_detect_with_face" time="4.453" /><testcase classname="tests.backend_test.TestFoods" name="test_list_foods" time="0.066" /><testcase classname="tests.backend_test.TestFoods" name="test_search_foods" time="0.056" /><testcase classname="tests.backend_test.TestDashboard" name="test_dashboard_demo" time="0.074" /><testcase classname="tests.backend_test.TestFoodLogs" name="test_create_list_delete_log" time="0.235" /></testsuite></testsuites>