<?xml version="1.0" encoding="utf-8"?><testsuites name="pytest tests"><testsuite name="pytest" errors="0" failures="0" skipped="0" tests="7" time="26.765" timestamp="2026-08-18T22:40:19.741065+00:00" hostname="agent-env-e3b4faa0-752a-4822-b65b-e866d1d1b61e"><testcase classname="tests.test_mood.TestMoodDetect" name="test_requires_auth" time="0.258" /><testcase classname="tests.test_mood.TestMoodRecommend" name="test_requires_auth" time="0.247" /><testcase classname="tests.test_mood.TestMoodRecommend" name="test_recommend_cravings[salty]" time="7.814" /><testcase classname="tests.test_mood.TestMoodDetect" name="test_detect_with_face" time="4.934" /><testcase classname="tests.test_mood.TestMoodRecommend" name="test_recommend_cravings[sweet]" time="6.394" /><testcase classname="tests.test_mood.TestMoodRecommend" name="test_recommend_cravings[balanced]" time="5.190" /><testcase classname="tests.test_mood.TestMoodRecommend" name="test_recommend_english" time="6.587" /></testsuite></testsuites>