<?xml version="1.0" encoding="utf-8"?><testsuites name="pytest tests"><testsuite name="pytest" errors="0" failures="0" skipped="0" tests="8" time="9.893" timestamp="2026-08-19T08:34:50.720032+00:00" hostname="agent-env-e3b4faa0-752a-4822-b65b-e866d1d1b61e"><testcase classname="tests.test_new_features.TestMoodAnalyzeText" name="test_requires_auth" time="0.310" /><testcase classname="tests.test_new_features.TestMoodLog" name="test_log_requires_auth" time="0.234" /><testcase classname="tests.test_new_features.TestMoodLog" name="test_create_list_delete_mood" time="0.774" /><testcase classname="tests.test_new_features.TestMoodAnalyzeText" name="test_analyze_text" time="3.186" /><testcase classname="tests.test_new_features.TestJournal" name="test_journal_requires_auth" time="0.079" /><testcase classname="tests.test_new_features.TestJournal" name="test_upload_and_journal_flow" time="1.164" /><testcase classname="tests.test_new_features.TestWeeklyAnalysis" name="test_requires_auth" time="0.105" /><testcase classname="tests.test_new_features.TestWeeklyAnalysis" name="test_run_and_fetch_weekly" time="5.980" /></testsuite></testsuites>