<?xml version="1.0" encoding="utf-8"?><testsuites name="pytest tests"><testsuite name="pytest" errors="0" failures="0" skipped="0" tests="11" time="9.862" timestamp="2026-08-18T22:22:49.809616+00:00" hostname="agent-env-e3b4faa0-752a-4822-b65b-e866d1d1b61e"><testcase classname="tests.backend_test.TestFoods" name="test_list_foods" time="0.246" /><testcase classname="tests.backend_test.TestFoods" name="test_search_foods" time="0.188" /><testcase classname="tests.backend_test.TestScan" name="test_scan_requires_auth" time="0.075" /><testcase classname="tests.backend_test.TestAuth" name="test_login_demo" time="0.443" /><testcase classname="tests.backend_test.TestAuth" name="test_login_wrong_password" time="0.305" /><testcase classname="tests.backend_test.TestAuth" name="test_me_requires_auth" time="0.227" /><testcase classname="tests.backend_test.TestAuth" name="test_me_with_token" time="0.092" /><testcase classname="tests.backend_test.TestScan" name="test_scan_food_endpoint" time="8.256" /><testcase classname="tests.backend_test.TestAuth" name="test_register_and_profile_flow" time="0.586" /><testcase classname="tests.backend_test.TestDashboard" name="test_dashboard_demo" time="0.083" /><testcase classname="tests.backend_test.TestFoodLogs" name="test_create_list_delete_log" time="0.390" /></testsuite></testsuites>